  MemoryTraceback.cc
f:\hoomd_win\hoomd_win\messenger.h(267): warning C4251: 'Messenger::m_mpi_config': class 'std::shared_ptr<MPIConfiguration>' needs to have dll-interface to be used by clients of class 'Messenger'
  f:\hoomd_win\hoomd_win\messenger.h(106): note: see declaration of 'std::shared_ptr<MPIConfiguration>'
f:\hoomd_win\hoomd_win\messenger.h(273): warning C4251: 'Messenger::m_streambuf_out': class 'std::shared_ptr<std::streambuf>' needs to have dll-interface to be used by clients of class 'Messenger'
  f:\hoomd_win\hoomd_win\messenger.h(273): note: see declaration of 'std::shared_ptr<std::streambuf>'
f:\hoomd_win\hoomd_win\messenger.h(274): warning C4251: 'Messenger::m_streambuf_err': class 'std::shared_ptr<std::streambuf>' needs to have dll-interface to be used by clients of class 'Messenger'
  f:\hoomd_win\hoomd_win\messenger.h(273): note: see declaration of 'std::shared_ptr<std::streambuf>'
f:\hoomd_win\hoomd_win\messenger.h(275): warning C4251: 'Messenger::m_nullstream': class 'std::shared_ptr<nullstream>' needs to have dll-interface to be used by clients of class 'Messenger'
  f:\hoomd_win\hoomd_win\messenger.h(275): note: see declaration of 'std::shared_ptr<nullstream>'
f:\hoomd_win\hoomd_win\messenger.h(276): warning C4251: 'Messenger::m_file_out': class 'std::shared_ptr<std::ostream>' needs to have dll-interface to be used by clients of class 'Messenger'
  f:\hoomd_win\hoomd_win\messenger.h(276): note: see declaration of 'std::shared_ptr<std::ostream>'
f:\hoomd_win\hoomd_win\messenger.h(277): warning C4251: 'Messenger::m_file_err': class 'std::shared_ptr<std::ostream>' needs to have dll-interface to be used by clients of class 'Messenger'
  f:\hoomd_win\hoomd_win\messenger.h(276): note: see declaration of 'std::shared_ptr<std::ostream>'
f:\hoomd_win\hoomd_win\messenger.h(279): warning C4251: 'Messenger::m_err_prefix': class 'std::basic_string<char,std::char_traits<char>,std::allocator<char>>' needs to have dll-interface to be used by clients of class 'Messenger'
  c:\program files (x86)\microsoft visual studio\2017\community\vc\tools\msvc\14.16.27023\include\xstring(4373): note: see declaration of 'std::basic_string<char,std::char_traits<char>,std::allocator<char>>'
f:\hoomd_win\hoomd_win\messenger.h(280): warning C4251: 'Messenger::m_warning_prefix': class 'std::basic_string<char,std::char_traits<char>,std::allocator<char>>' needs to have dll-interface to be used by clients of class 'Messenger'
  c:\program files (x86)\microsoft visual studio\2017\community\vc\tools\msvc\14.16.27023\include\xstring(4373): note: see declaration of 'std::basic_string<char,std::char_traits<char>,std::allocator<char>>'
f:\hoomd_win\hoomd_win\messenger.h(281): warning C4251: 'Messenger::m_notice_prefix': class 'std::basic_string<char,std::char_traits<char>,std::allocator<char>>' needs to have dll-interface to be used by clients of class 'Messenger'
  c:\program files (x86)\microsoft visual studio\2017\community\vc\tools\msvc\14.16.27023\include\xstring(4373): note: see declaration of 'std::basic_string<char,std::char_traits<char>,std::allocator<char>>'
f:\hoomd_win\hoomd_win\messenger.h(286): warning C4251: 'Messenger::m_sys': class 'pybind11::module' needs to have dll-interface to be used by clients of class 'Messenger'
  f:\hoomd_win\hoomd_win\hoomd\extern\pybind\include\pybind11\pybind11.h(789): note: see declaration of 'pybind11::module'
f:\hoomd_win\hoomd_win\messenger.h(287): warning C4251: 'Messenger::m_pystdout': class 'pybind11::object' needs to have dll-interface to be used by clients of class 'Messenger'
  f:\hoomd_win\hoomd_win\hoomd\extern\pybind\include\pybind11\pytypes.h(230): note: see declaration of 'pybind11::object'
f:\hoomd_win\hoomd_win\messenger.h(288): warning C4251: 'Messenger::m_pystderr': class 'pybind11::object' needs to have dll-interface to be used by clients of class 'Messenger'
  f:\hoomd_win\hoomd_win\hoomd\extern\pybind\include\pybind11\pytypes.h(230): note: see declaration of 'pybind11::object'
f:\hoomd_win\hoomd_win\memorytraceback.h(44): warning C4251: 'MemoryTraceback::m_traces': class 'std::map<std::pair<const void *,unsigned int>,std::vector<void *,std::allocator<_Ty>>,std::less<_Kty>,std::allocator<std::pair<const _Kty,std::vector<_Ty,std::allocator<_Ty>>>>>' needs to have dll-interface to be used by clients of class 'MemoryTraceback'
          with
          [
              _Ty=void *,
              _Kty=std::pair<const void *,unsigned int>
          ]
  f:\hoomd_win\hoomd_win\memorytraceback.h(44): note: see declaration of 'std::map<std::pair<const void *,unsigned int>,std::vector<void *,std::allocator<_Ty>>,std::less<_Kty>,std::allocator<std::pair<const _Kty,std::vector<_Ty,std::allocator<_Ty>>>>>'
          with
          [
              _Ty=void *,
              _Kty=std::pair<const void *,unsigned int>
          ]
f:\hoomd_win\hoomd_win\memorytraceback.h(45): warning C4251: 'MemoryTraceback::m_type_hints': class 'std::map<std::pair<const void *,unsigned int>,std::string,std::less<_Kty>,std::allocator<std::pair<const _Kty,_Ty>>>' needs to have dll-interface to be used by clients of class 'MemoryTraceback'
          with
          [
              _Kty=std::pair<const void *,unsigned int>,
              _Ty=std::string
          ]
  f:\hoomd_win\hoomd_win\memorytraceback.h(45): note: see declaration of 'std::map<std::pair<const void *,unsigned int>,std::string,std::less<_Kty>,std::allocator<std::pair<const _Kty,_Ty>>>'
          with
          [
              _Kty=std::pair<const void *,unsigned int>,
              _Ty=std::string
          ]
f:\hoomd_win\hoomd_win\memorytraceback.h(46): warning C4251: 'MemoryTraceback::m_tags': class 'std::map<std::pair<const void *,unsigned int>,std::string,std::less<_Kty>,std::allocator<std::pair<const _Kty,_Ty>>>' needs to have dll-interface to be used by clients of class 'MemoryTraceback'
          with
          [
              _Kty=std::pair<const void *,unsigned int>,
              _Ty=std::string
          ]
  f:\hoomd_win\hoomd_win\memorytraceback.h(45): note: see declaration of 'std::map<std::pair<const void *,unsigned int>,std::string,std::less<_Kty>,std::allocator<std::pair<const _Kty,_Ty>>>'
          with
          [
              _Kty=std::pair<const void *,unsigned int>,
              _Ty=std::string
          ]
LINK : fatal error LNK1104: cannot open file 'python37.lib'
